[ 2016-08-18T11:26:26+08:00 ] ::1 /project1/index.php/Home/Public/code
ERR: 非法操作:code

[ 2016-08-18T13:18:59+08:00 ] ::1 /project1/index.php/Home/Login/
ERR: 非法操作:index

[ 2016-08-18T13:19:02+08:00 ] ::1 /project1/index.php/Home/Login/
ERR: 非法操作:index

[ 2016-08-18T15:21:42+08:00 ] ::1 /project1/home.php/Home/Picture/add_/id/
ERR: 无法加载控制器:Home

[ 2016-08-18T15:22:28+08:00 ] ::1 /project1/home.php/Home/Picture/add_/id/
ERR: 无法加载控制器:Home

[ 2016-08-18T15:24:03+08:00 ] ::1 /project1/home.php/Home/Index/index.html
ERR: 无法加载控制器:Home

[ 2016-08-18T15:27:15+08:00 ] ::1 /project1/home.php/Home/Login/tryLogout
ERR: 无法加载控制器:Home

[ 2016-08-18T15:28:16+08:00 ] ::1 /project1/home.php/Home/Public/verify
ERR: 无法加载控制器:Home

[ 2016-08-18T17:12:32+08:00 ] ::1 /project1/home.php/Register/checkName?username=E100
INFO: [ app_begin ] --START--
INFO: Run Behavior\ReadHtmlCacheBehavior [ RunTime:0.003077s ]
INFO: [ app_begin ] --END-- [ RunTime:0.004732s ]
SQL: SHOW COLUMNS FROM `tp_user` [ RunTime:0.0147s ]
SQL: SELECT COUNT(*) AS tp_count FROM `tp_user` WHERE `username` = 'E100' LIMIT 1   [ RunTime:0.0015s ]
INFO: [ app_end ] --START--
INFO: Run Behavior\ShowPageTraceBehavior [ RunTime:0.006660s ]
INFO: [ app_end ] --END-- [ RunTime:0.007994s ]

