[ 2016-08-15T15:14:49+08:00 ] ::1 /project1/
INFO: [ app_init ] --START--
INFO: Run Behavior\BuildLiteBehavior [ RunTime:0.000064s ]
INFO: [ app_init ] --END-- [ RunTime:0.000441s ]
INFO: [ app_begin ] --START--
INFO: Run Behavior\ReadHtmlCacheBehavior [ RunTime:0.002143s ]
INFO: [ app_begin ] --END-- [ RunTime:0.002467s ]
INFO: [ view_parse ] --START--
INFO: [ template_filter ] --START--
INFO: Run Behavior\ContentReplaceBehavior [ RunTime:0.000141s ]
INFO: [ template_filter ] --END-- [ RunTime:0.000437s ]
INFO: Run Behavior\ParseTemplateBehavior [ RunTime:0.020715s ]
INFO: [ view_parse ] --END-- [ RunTime:0.021007s ]
INFO: [ view_filter ] --START--
INFO: Run Behavior\WriteHtmlCacheBehavior [ RunTime:0.001398s ]
INFO: [ view_filter ] --END-- [ RunTime:0.001673s ]
INFO: [ app_end ] --START--
INFO: Run Behavior\ShowPageTraceBehavior [ RunTime:0.001749s ]
INFO: [ app_end ] --END-- [ RunTime:0.002027s ]

[ 2016-08-15T15:31:08+08:00 ] ::1 /project1/index.php/
ERR: 无法加载数据库驱动: Think\Db\Driver\

[ 2016-08-15T15:31:25+08:00 ] ::1 /project1/index.php/
ERR: 无法加载数据库驱动: Think\Db\Driver\

[ 2016-08-15T15:31:26+08:00 ] ::1 /project1/index.php/
ERR: 无法加载数据库驱动: Think\Db\Driver\

[ 2016-08-15T15:31:32+08:00 ] ::1 /project1/index.php/
ERR: 无法加载数据库驱动: Think\Db\Driver\

[ 2016-08-15T15:31:33+08:00 ] ::1 /project1/index.php/
ERR: 无法加载数据库驱动: Think\Db\Driver\

[ 2016-08-15T15:34:25+08:00 ] ::1 /project1/index.php
ERR: 无法加载数据库驱动: Think\Db\Driver\

[ 2016-08-15T15:34:53+08:00 ] ::1 /project1/index.php
ERR: 无法加载数据库驱动: Think\Db\Driver\

[ 2016-08-15T15:34:54+08:00 ] ::1 /project1/index.php
ERR: 无法加载数据库驱动: Think\Db\Driver\

[ 2016-08-15T15:34:55+08:00 ] ::1 /project1/index.php
ERR: 无法加载数据库驱动: Think\Db\Driver\

[ 2016-08-15T15:34:55+08:00 ] ::1 /project1/index.php
ERR: 无法加载数据库驱动: Think\Db\Driver\

[ 2016-08-15T15:34:56+08:00 ] ::1 /project1/index.php
ERR: 无法加载数据库驱动: Think\Db\Driver\

[ 2016-08-15T15:34:56+08:00 ] ::1 /project1/index.php
ERR: 无法加载数据库驱动: Think\Db\Driver\

[ 2016-08-15T15:34:56+08:00 ] ::1 /project1/index.php
ERR: 无法加载数据库驱动: Think\Db\Driver\

[ 2016-08-15T15:34:56+08:00 ] ::1 /project1/index.php
ERR: 无法加载数据库驱动: Think\Db\Driver\

[ 2016-08-15T15:35:09+08:00 ] ::1 /project1/
ERR: 无法加载数据库驱动: Think\Db\Driver\

[ 2016-08-15T16:39:40+08:00 ] ::1 /project1/index.php/Home/Login
ERR: 非法操作:index

[ 2016-08-15T16:39:59+08:00 ] ::1 /project1/index.php/Home/Login
ERR: 非法操作:index

[ 2016-08-15T16:40:48+08:00 ] ::1 /project1/index.php/Home/Login
ERR: 非法操作:index

[ 2016-08-15T16:42:04+08:00 ] ::1 /project1/index.php/Home/Login
ERR: 非法操作:index

[ 2016-08-15T16:54:27+08:00 ] ::1 /project1/index.php/Home/Login
ERR: 非法操作:index

[ 2016-08-15T17:08:18+08:00 ] ::1 /project1/index.php/Home/Index/left
ERR: 1146:La table 'thinkphp.tp_message' n'existe pas
 [ SQL语句 ] : SHOW COLUMNS FROM `tp_message`

[ 2016-08-15T17:35:11+08:00 ] ::1 /project1/index.php/Home/Login
ERR: 非法操作:index

[ 2016-08-15T17:46:15+08:00 ] ::1 /project1/index.php/Home/User/modify/id/
ERR: 参数错误或者未定义:id

[ 2016-08-15T17:59:43+08:00 ] ::1 /project1/index.php/Home/Register/checkName?username=E6
INFO: [ app_begin ] --START--
INFO: Run Behavior\ReadHtmlCacheBehavior [ RunTime:0.001283s ]
INFO: [ app_begin ] --END-- [ RunTime:0.001933s ]
SQL: SHOW COLUMNS FROM `tp_user` [ RunTime:0.0077s ]
SQL: SELECT COUNT(*) AS tp_count FROM `tp_user` WHERE `username` = 'E6' LIMIT 1   [ RunTime:0.0004s ]
INFO: [ app_end ] --START--
INFO: Run Behavior\ShowPageTraceBehavior [ RunTime:0.001797s ]
INFO: [ app_end ] --END-- [ RunTime:0.002001s ]

[ 2016-08-15T18:01:02+08:00 ] ::1 /project1/index.php/Home/Register/checkName?username=E6
INFO: [ app_begin ] --START--
INFO: Run Behavior\ReadHtmlCacheBehavior [ RunTime:0.001130s ]
INFO: [ app_begin ] --END-- [ RunTime:0.001810s ]
SQL: SHOW COLUMNS FROM `tp_user` [ RunTime:0.0081s ]
SQL: SELECT COUNT(*) AS tp_count FROM `tp_user` WHERE `username` = 'E6' LIMIT 1   [ RunTime:0.0004s ]
INFO: [ app_end ] --START--
INFO: Run Behavior\ShowPageTraceBehavior [ RunTime:0.001774s ]
INFO: [ app_end ] --END-- [ RunTime:0.001979s ]

[ 2016-08-15T18:06:18+08:00 ] ::1 /project1/index.php/Home/User/__APP__
ERR: 非法操作:__APP__

[ 2016-08-15T18:07:00+08:00 ] ::1 /project1/index.php/Home/User/Home/Index
ERR: 非法操作:Home

[ 2016-08-15T18:09:56+08:00 ] ::1 /project1/index.php/Home/User/__APP__/Home/Index/index
ERR: 非法操作:__APP__

[ 2016-08-15T18:12:31+08:00 ] ::1 /project1/index.php/Home/Register/checkName?username=E6
INFO: [ app_begin ] --START--
INFO: Run Behavior\ReadHtmlCacheBehavior [ RunTime:0.001772s ]
INFO: [ app_begin ] --END-- [ RunTime:0.002904s ]
SQL: SHOW COLUMNS FROM `tp_user` [ RunTime:0.0085s ]
SQL: SELECT COUNT(*) AS tp_count FROM `tp_user` WHERE `username` = 'E6' LIMIT 1   [ RunTime:0.0005s ]
INFO: [ app_end ] --START--
INFO: Run Behavior\ShowPageTraceBehavior [ RunTime:0.001826s ]
INFO: [ app_end ] --END-- [ RunTime:0.002083s ]

[ 2016-08-15T18:12:57+08:00 ] ::1 /project1/index.php/Home/Register/checkName?username=E6
INFO: [ app_begin ] --START--
INFO: Run Behavior\ReadHtmlCacheBehavior [ RunTime:0.001027s ]
INFO: [ app_begin ] --END-- [ RunTime:0.001701s ]
SQL: SHOW COLUMNS FROM `tp_user` [ RunTime:0.0051s ]
SQL: SELECT COUNT(*) AS tp_count FROM `tp_user` WHERE `username` = 'E6' LIMIT 1   [ RunTime:0.0003s ]
INFO: [ app_end ] --START--
INFO: Run Behavior\ShowPageTraceBehavior [ RunTime:0.001169s ]
INFO: [ app_end ] --END-- [ RunTime:0.001313s ]

[ 2016-08-15T18:13:42+08:00 ] ::1 /project1/index.php/Home/Register/checkName?username=E6
INFO: [ app_begin ] --START--
INFO: Run Behavior\ReadHtmlCacheBehavior [ RunTime:0.001032s ]
INFO: [ app_begin ] --END-- [ RunTime:0.001699s ]
SQL: SHOW COLUMNS FROM `tp_user` [ RunTime:0.0090s ]
SQL: SELECT COUNT(*) AS tp_count FROM `tp_user` WHERE `username` = 'E6' LIMIT 1   [ RunTime:0.0004s ]
INFO: [ app_end ] --START--
INFO: Run Behavior\ShowPageTraceBehavior [ RunTime:0.001572s ]
INFO: [ app_end ] --END-- [ RunTime:0.001771s ]

