[ 2016-08-15T15:51:04+08:00 ] ::1 /project1/index.php/User
ERR: 无法加载模块:User

[ 2016-08-15T15:52:19+08:00 ] ::1 /project1/index.php/User/index
ERR: 无法加载模块:User

[ 2016-08-15T15:55:21+08:00 ] ::1 /project1/index.php/Index
ERR: 无法加载模块:Index

[ 2016-08-15T16:00:09+08:00 ] ::1 /project1/index.php/Index
ERR: 无法加载模块:Index

[ 2016-08-15T16:42:52+08:00 ] ::1 /project1/index.php/Public/code
ERR: 无法加载模块:Public

[ 2016-08-15T16:42:52+08:00 ] ::1 /project1/index.php/Public/code
ERR: 无法加载模块:Public

[ 2016-08-15T16:43:01+08:00 ] ::1 /project1/index.php/Public/code
ERR: 无法加载模块:Public

[ 2016-08-15T16:43:01+08:00 ] ::1 /project1/index.php/Public/code
ERR: 无法加载模块:Public

[ 2016-08-15T16:45:30+08:00 ] ::1 /project1/index.php/Public/code
ERR: 无法加载模块:Public

[ 2016-08-15T16:45:31+08:00 ] ::1 /project1/index.php/Public/code
ERR: 无法加载模块:Public

[ 2016-08-15T16:45:31+08:00 ] ::1 /project1/index.php/Public/code
ERR: 无法加载模块:Public

[ 2016-08-15T17:26:29+08:00 ] ::1 /project1/index.php/User/modify/id/
ERR: 无法加载模块:User

[ 2016-08-15T17:32:21+08:00 ] ::1 /project1/index.php/Login/tryLogout
ERR: 无法加载模块:Login

[ 2016-08-15T17:32:52+08:00 ] ::1 /project1/index.php/Login/tryLogout
ERR: 无法加载模块:Login

[ 2016-08-15T17:35:02+08:00 ] ::1 /project1/index.php/Login/tryLogout
ERR: 无法加载模块:Login

[ 2016-08-15T18:00:44+08:00 ] ::1 /project1/index.php/User/update
ERR: 无法加载模块:User

[ 2016-08-15T18:00:52+08:00 ] ::1 /project1/index.php/User/update
ERR: 无法加载模块:User

[ 2016-08-15T18:25:26+08:00 ] ::1 /project1/index.php/__APP__/Home/Index/index.html
ERR: 无法加载模块:__APP__

